<?xml version="1.0" encoding="UTF-8"?>
<testsuite xmlns:xsi="http://www.w3.org/2001/XMLSchema-instance" xsi:noNamespaceSchemaLocation="https://maven.apache.org/surefire/maven-surefire-plugin/xsd/surefire-test-report-3.0.xsd" version="3.0" name="TestRunner.Run" time="17.204" tests="1" errors="0" skipped="0" failures="0">
  <properties>
    <property name="sun.desktop" value="windows"/>
    <property name="awt.toolkit" value="sun.awt.windows.WToolkit"/>
    <property name="java.specification.version" value="11"/>
    <property name="sun.cpu.isalist" value="amd64"/>
    <property name="sun.jnu.encoding" value="Cp1252"/>
    <property name="java.class.path" value="C:\Users\dell\eclipse-workspace\CucumberDemo\target\test-classes;C:\Users\dell\eclipse-workspace\CucumberDemo\target\classes;C:\Windows\system32\config\systemprofile\.m2\repository\junit\junit\4.11\junit-4.11.jar;C:\Windows\system32\config\systemprofile\.m2\repository\io\cucumber\cucumber-html\0.2.7\cucumber-html-0.2.7.jar;C:\Windows\system32\config\systemprofile\.m2\repository\net\sourceforge\cobertura\cobertura\2.1.1\cobertura-2.1.1.jar;C:\Windows\system32\config\systemprofile\.m2\repository\org\ow2\asm\asm\5.0.1\asm-5.0.1.jar;C:\Windows\system32\config\systemprofile\.m2\repository\org\ow2\asm\asm-tree\5.0.1\asm-tree-5.0.1.jar;C:\Windows\system32\config\systemprofile\.m2\repository\org\ow2\asm\asm-commons\5.0.1\asm-commons-5.0.1.jar;C:\Windows\system32\config\systemprofile\.m2\repository\org\ow2\asm\asm-util\5.0.1\asm-util-5.0.1.jar;C:\Windows\system32\config\systemprofile\.m2\repository\org\ow2\asm\asm-analysis\5.0.1\asm-analysis-5.0.1.jar;C:\Windows\system32\config\systemprofile\.m2\repository\oro\oro\2.0.8\oro-2.0.8.jar;C:\Windows\system32\config\systemprofile\.m2\repository\jaxen\jaxen\1.1.4\jaxen-1.1.4.jar;C:\Windows\system32\config\systemprofile\.m2\repository\org\apache\ant\ant\1.8.3\ant-1.8.3.jar;C:\Windows\system32\config\systemprofile\.m2\repository\org\apache\ant\ant-launcher\1.8.3\ant-launcher-1.8.3.jar;C:\Windows\system32\config\systemprofile\.m2\repository\org\apache\ant\ant-junit\1.8.3\ant-junit-1.8.3.jar;C:\Windows\system32\config\systemprofile\.m2\repository\org\mortbay\jetty\servlet-api-2.5\6.1.14\servlet-api-2.5-6.1.14.jar;C:\Windows\system32\config\systemprofile\.m2\repository\org\mortbay\jetty\jetty\6.1.14\jetty-6.1.14.jar;C:\Windows\system32\config\systemprofile\.m2\repository\org\mortbay\jetty\jetty-util\6.1.14\jetty-util-6.1.14.jar;C:\Windows\system32\config\systemprofile\.m2\repository\org\slf4j\slf4j-api\1.7.5\slf4j-api-1.7.5.jar;C:\Windows\system32\config\systemprofile\.m2\repository\ch\qos\logback\logback-classic\1.0.13\logback-classic-1.0.13.jar;C:\Windows\system32\config\systemprofile\.m2\repository\ch\qos\logback\logback-core\1.0.13\logback-core-1.0.13.jar;C:\Windows\system32\config\systemprofile\.m2\repository\org\apache\commons\commons-lang3\3.3.2\commons-lang3-3.3.2.jar;C:\Windows\system32\config\systemprofile\.m2\repository\io\cucumber\cucumber-java\7.8.1\cucumber-java-7.8.1.jar;C:\Windows\system32\config\systemprofile\.m2\repository\io\cucumber\cucumber-core\7.8.1\cucumber-core-7.8.1.jar;C:\Windows\system32\config\systemprofile\.m2\repository\io\cucumber\cucumber-gherkin\7.8.1\cucumber-gherkin-7.8.1.jar;C:\Windows\system32\config\systemprofile\.m2\repository\io\cucumber\cucumber-gherkin-messages\7.8.1\cucumber-gherkin-messages-7.8.1.jar;C:\Windows\system32\config\systemprofile\.m2\repository\io\cucumber\tag-expressions\4.1.0\tag-expressions-4.1.0.jar;C:\Windows\system32\config\systemprofile\.m2\repository\io\cucumber\cucumber-expressions\16.0.0\cucumber-expressions-16.0.0.jar;C:\Windows\system32\config\systemprofile\.m2\repository\io\cucumber\datatable\7.8.1\datatable-7.8.1.jar;C:\Windows\system32\config\systemprofile\.m2\repository\io\cucumber\cucumber-plugin\7.8.1\cucumber-plugin-7.8.1.jar;C:\Windows\system32\config\systemprofile\.m2\repository\io\cucumber\docstring\7.8.1\docstring-7.8.1.jar;C:\Windows\system32\config\systemprofile\.m2\repository\io\cucumber\html-formatter\20.1.0\html-formatter-20.1.0.jar;C:\Windows\system32\config\systemprofile\.m2\repository\io\cucumber\ci-environment\9.1.0\ci-environment-9.1.0.jar;C:\Windows\system32\config\systemprofile\.m2\repository\org\apiguardian\apiguardian-api\1.1.2\apiguardian-api-1.1.2.jar;C:\Windows\system32\config\systemprofile\.m2\repository\io\cucumber\cucumber-junit\7.8.1\cucumber-junit-7.8.1.jar;C:\Windows\system32\config\systemprofile\.m2\repository\io\cucumber\cucumber-jvm-deps\1.0.6\cucumber-jvm-deps-1.0.6.jar;C:\Windows\system32\config\systemprofile\.m2\repository\net\masterthought\cucumber-reporting\5.7.3\cucumber-reporting-5.7.3.jar;C:\Windows\system32\config\systemprofile\.m2\repository\com\fasterxml\jackson\core\jackson-databind\2.13.2.2\jackson-databind-2.13.2.2.jar;C:\Windows\system32\config\systemprofile\.m2\repository\com\fasterxml\jackson\core\jackson-annotations\2.13.2\jackson-annotations-2.13.2.jar;C:\Windows\system32\config\systemprofile\.m2\repository\com\fasterxml\jackson\core\jackson-core\2.13.2\jackson-core-2.13.2.jar;C:\Windows\system32\config\systemprofile\.m2\repository\com\fasterxml\jackson\datatype\jackson-datatype-jsr310\2.13.2\jackson-datatype-jsr310-2.13.2.jar;C:\Windows\system32\config\systemprofile\.m2\repository\org\apache\velocity\velocity-engine-core\2.3\velocity-engine-core-2.3.jar;C:\Windows\system32\config\systemprofile\.m2\repository\org\apache\commons\commons-collections4\4.4\commons-collections4-4.4.jar;C:\Windows\system32\config\systemprofile\.m2\repository\joda-time\joda-time\2.10.14\joda-time-2.10.14.jar;C:\Windows\system32\config\systemprofile\.m2\repository\org\codehaus\plexus\plexus-utils\3.4.2\plexus-utils-3.4.2.jar;C:\Windows\system32\config\systemprofile\.m2\repository\org\jsoup\jsoup\1.15.3\jsoup-1.15.3.jar;C:\Windows\system32\config\systemprofile\.m2\repository\com\google\guava\guava\31.1-jre\guava-31.1-jre.jar;C:\Windows\system32\config\systemprofile\.m2\repository\com\google\guava\failureaccess\1.0.1\failureaccess-1.0.1.jar;C:\Windows\system32\config\systemprofile\.m2\repository\com\google\guava\listenablefuture\9999.0-empty-to-avoid-conflict-with-guava\listenablefuture-9999.0-empty-to-avoid-conflict-with-guava.jar;C:\Windows\system32\config\systemprofile\.m2\repository\com\google\code\findbugs\jsr305\3.0.2\jsr305-3.0.2.jar;C:\Windows\system32\config\systemprofile\.m2\repository\org\checkerframework\checker-qual\3.12.0\checker-qual-3.12.0.jar;C:\Windows\system32\config\systemprofile\.m2\repository\com\google\errorprone\error_prone_annotations\2.11.0\error_prone_annotations-2.11.0.jar;C:\Windows\system32\config\systemprofile\.m2\repository\com\google\j2objc\j2objc-annotations\1.3\j2objc-annotations-1.3.jar;C:\Windows\system32\config\systemprofile\.m2\repository\com\googlecode\owasp-java-html-sanitizer\owasp-java-html-sanitizer\20211018.2\owasp-java-html-sanitizer-20211018.2.jar;C:\Windows\system32\config\systemprofile\.m2\repository\commons-configuration\commons-configuration\1.10\commons-configuration-1.10.jar;C:\Windows\system32\config\systemprofile\.m2\repository\commons-lang\commons-lang\2.6\commons-lang-2.6.jar;C:\Windows\system32\config\systemprofile\.m2\repository\commons-logging\commons-logging\1.1.1\commons-logging-1.1.1.jar;C:\Windows\system32\config\systemprofile\.m2\repository\org\hamcrest\hamcrest-core\2.2\hamcrest-core-2.2.jar;C:\Windows\system32\config\systemprofile\.m2\repository\org\hamcrest\hamcrest\2.2\hamcrest-2.2.jar;C:\Windows\system32\config\systemprofile\.m2\repository\io\cucumber\gherkin\24.1.0\gherkin-24.1.0.jar;C:\Windows\system32\config\systemprofile\.m2\repository\io\cucumber\messages\19.1.4\messages-19.1.4.jar;C:\Windows\system32\config\systemprofile\.m2\repository\org\seleniumhq\selenium\selenium-java\4.5.3\selenium-java-4.5.3.jar;C:\Windows\system32\config\systemprofile\.m2\repository\org\seleniumhq\selenium\selenium-api\4.5.3\selenium-api-4.5.3.jar;C:\Windows\system32\config\systemprofile\.m2\repository\org\seleniumhq\selenium\selenium-chrome-driver\4.5.3\selenium-chrome-driver-4.5.3.jar;C:\Windows\system32\config\systemprofile\.m2\repository\com\google\auto\service\auto-service-annotations\1.0.1\auto-service-annotations-1.0.1.jar;C:\Windows\system32\config\systemprofile\.m2\repository\com\google\auto\service\auto-service\1.0.1\auto-service-1.0.1.jar;C:\Windows\system32\config\systemprofile\.m2\repository\com\google\auto\auto-common\1.2\auto-common-1.2.jar;C:\Windows\system32\config\systemprofile\.m2\repository\org\seleniumhq\selenium\selenium-chromium-driver\4.5.3\selenium-chromium-driver-4.5.3.jar;C:\Windows\system32\config\systemprofile\.m2\repository\org\seleniumhq\selenium\selenium-json\4.5.3\selenium-json-4.5.3.jar;C:\Windows\system32\config\systemprofile\.m2\repository\org\seleniumhq\selenium\selenium-devtools-v104\4.5.3\selenium-devtools-v104-4.5.3.jar;C:\Windows\system32\config\systemprofile\.m2\repository\org\seleniumhq\selenium\selenium-devtools-v105\4.5.3\selenium-devtools-v105-4.5.3.jar;C:\Windows\system32\config\systemprofile\.m2\repository\org\seleniumhq\selenium\selenium-devtools-v106\4.5.3\selenium-devtools-v106-4.5.3.jar;C:\Windows\system32\config\systemprofile\.m2\repository\org\seleniumhq\selenium\selenium-devtools-v85\4.5.3\selenium-devtools-v85-4.5.3.jar;C:\Windows\system32\config\systemprofile\.m2\repository\org\seleniumhq\selenium\selenium-edge-driver\4.5.3\selenium-edge-driver-4.5.3.jar;C:\Windows\system32\config\systemprofile\.m2\repository\org\seleniumhq\selenium\selenium-firefox-driver\4.5.3\selenium-firefox-driver-4.5.3.jar;C:\Windows\system32\config\systemprofile\.m2\repository\org\seleniumhq\selenium\selenium-ie-driver\4.5.3\selenium-ie-driver-4.5.3.jar;C:\Windows\system32\config\systemprofile\.m2\repository\org\seleniumhq\selenium\selenium-remote-driver\4.5.3\selenium-remote-driver-4.5.3.jar;C:\Windows\system32\config\systemprofile\.m2\repository\com\beust\jcommander\1.82\jcommander-1.82.jar;C:\Windows\system32\config\systemprofile\.m2\repository\io\netty\netty-buffer\4.1.84.Final\netty-buffer-4.1.84.Final.jar;C:\Windows\system32\config\systemprofile\.m2\repository\io\netty\netty-codec-http\4.1.84.Final\netty-codec-http-4.1.84.Final.jar;C:\Windows\system32\config\systemprofile\.m2\repository\io\netty\netty-codec\4.1.84.Final\netty-codec-4.1.84.Final.jar;C:\Windows\system32\config\systemprofile\.m2\repository\io\netty\netty-handler\4.1.84.Final\netty-handler-4.1.84.Final.jar;C:\Windows\system32\config\systemprofile\.m2\repository\io\netty\netty-common\4.1.84.Final\netty-common-4.1.84.Final.jar;C:\Windows\system32\config\systemprofile\.m2\repository\io\netty\netty-transport-classes-epoll\4.1.84.Final\netty-transport-classes-epoll-4.1.84.Final.jar;C:\Windows\system32\config\systemprofile\.m2\repository\io\netty\netty-transport-classes-kqueue\4.1.84.Final\netty-transport-classes-kqueue-4.1.84.Final.jar;C:\Windows\system32\config\systemprofile\.m2\repository\io\netty\netty-transport-native-epoll\4.1.84.Final\netty-transport-native-epoll-4.1.84.Final.jar;C:\Windows\system32\config\systemprofile\.m2\repository\io\netty\netty-transport-native-kqueue\4.1.84.Final\netty-transport-native-kqueue-4.1.84.Final.jar;C:\Windows\system32\config\systemprofile\.m2\repository\io\netty\netty-transport-native-unix-common\4.1.84.Final\netty-transport-native-unix-common-4.1.84.Final.jar;C:\Windows\system32\config\systemprofile\.m2\repository\io\netty\netty-transport\4.1.84.Final\netty-transport-4.1.84.Final.jar;C:\Windows\system32\config\systemprofile\.m2\repository\io\netty\netty-resolver\4.1.84.Final\netty-resolver-4.1.84.Final.jar;C:\Windows\system32\config\systemprofile\.m2\repository\io\opentelemetry\opentelemetry-api\1.19.0\opentelemetry-api-1.19.0.jar;C:\Windows\system32\config\systemprofile\.m2\repository\io\opentelemetry\opentelemetry-context\1.19.0\opentelemetry-context-1.19.0.jar;C:\Windows\system32\config\systemprofile\.m2\repository\io\opentelemetry\opentelemetry-exporter-logging\1.19.0\opentelemetry-exporter-logging-1.19.0.jar;C:\Windows\system32\config\systemprofile\.m2\repository\io\opentelemetry\opentelemetry-sdk-metrics\1.19.0\opentelemetry-sdk-metrics-1.19.0.jar;C:\Windows\system32\config\systemprofile\.m2\repository\io\opentelemetry\opentelemetry-sdk-logs\1.19.0-alpha\opentelemetry-sdk-logs-1.19.0-alpha.jar;C:\Windows\system32\config\systemprofile\.m2\repository\io\opentelemetry\opentelemetry-api-logs\1.19.0-alpha\opentelemetry-api-logs-1.19.0-alpha.jar;C:\Windows\system32\config\systemprofile\.m2\repository\io\opentelemetry\opentelemetry-sdk-common\1.19.0\opentelemetry-sdk-common-1.19.0.jar;C:\Windows\system32\config\systemprofile\.m2\repository\io\opentelemetry\opentelemetry-sdk-extension-autoconfigure-spi\1.19.0\opentelemetry-sdk-extension-autoconfigure-spi-1.19.0.jar;C:\Windows\system32\config\systemprofile\.m2\repository\io\opentelemetry\opentelemetry-sdk-extension-autoconfigure\1.19.0-alpha\opentelemetry-sdk-extension-autoconfigure-1.19.0-alpha.jar;C:\Windows\system32\config\systemprofile\.m2\repository\io\opentelemetry\opentelemetry-exporter-common\1.19.0\opentelemetry-exporter-common-1.19.0.jar;C:\Windows\system32\config\systemprofile\.m2\repository\io\opentelemetry\opentelemetry-sdk-trace\1.19.0\opentelemetry-sdk-trace-1.19.0.jar;C:\Windows\system32\config\systemprofile\.m2\repository\io\opentelemetry\opentelemetry-sdk\1.19.0\opentelemetry-sdk-1.19.0.jar;C:\Windows\system32\config\systemprofile\.m2\repository\io\opentelemetry\opentelemetry-semconv\1.19.0-alpha\opentelemetry-semconv-1.19.0-alpha.jar;C:\Windows\system32\config\systemprofile\.m2\repository\io\ous\jtoml\2.0.0\jtoml-2.0.0.jar;C:\Windows\system32\config\systemprofile\.m2\repository\net\bytebuddy\byte-buddy\1.12.18\byte-buddy-1.12.18.jar;C:\Windows\system32\config\systemprofile\.m2\repository\org\apache\commons\commons-exec\1.3\commons-exec-1.3.jar;C:\Windows\system32\config\systemprofile\.m2\repository\org\asynchttpclient\async-http-client\2.12.3\async-http-client-2.12.3.jar;C:\Windows\system32\config\systemprofile\.m2\repository\org\asynchttpclient\async-http-client-netty-utils\2.12.3\async-http-client-netty-utils-2.12.3.jar;C:\Windows\system32\config\systemprofile\.m2\repository\io\netty\netty-codec-socks\4.1.60.Final\netty-codec-socks-4.1.60.Final.jar;C:\Windows\system32\config\systemprofile\.m2\repository\io\netty\netty-handler-proxy\4.1.60.Final\netty-handler-proxy-4.1.60.Final.jar;C:\Windows\system32\config\systemprofile\.m2\repository\io\netty\netty-transport-native-epoll\4.1.60.Final\netty-transport-native-epoll-4.1.60.Final-linux-x86_64.jar;C:\Windows\system32\config\systemprofile\.m2\repository\io\netty\netty-transport-native-kqueue\4.1.60.Final\netty-transport-native-kqueue-4.1.60.Final-osx-x86_64.jar;C:\Windows\system32\config\systemprofile\.m2\repository\org\reactivestreams\reactive-streams\1.0.3\reactive-streams-1.0.3.jar;C:\Windows\system32\config\systemprofile\.m2\repository\com\typesafe\netty\netty-reactive-streams\2.0.4\netty-reactive-streams-2.0.4.jar;C:\Windows\system32\config\systemprofile\.m2\repository\com\sun\activation\jakarta.activation\1.2.2\jakarta.activation-1.2.2.jar;C:\Windows\system32\config\systemprofile\.m2\repository\org\seleniumhq\selenium\selenium-http\4.5.3\selenium-http-4.5.3.jar;C:\Windows\system32\config\systemprofile\.m2\repository\dev\failsafe\failsafe\3.3.0\failsafe-3.3.0.jar;C:\Windows\system32\config\systemprofile\.m2\repository\org\seleniumhq\selenium\selenium-safari-driver\4.5.3\selenium-safari-driver-4.5.3.jar;C:\Windows\system32\config\systemprofile\.m2\repository\org\seleniumhq\selenium\selenium-support\4.5.3\selenium-support-4.5.3.jar;C:\Windows\system32\config\systemprofile\.m2\repository\io\github\bonigarcia\webdrivermanager\5.3.0\webdrivermanager-5.3.0.jar;C:\Windows\system32\config\systemprofile\.m2\repository\com\google\code\gson\gson\2.9.1\gson-2.9.1.jar;C:\Windows\system32\config\systemprofile\.m2\repository\com\github\docker-java\docker-java\3.2.13\docker-java-3.2.13.jar;C:\Windows\system32\config\systemprofile\.m2\repository\com\github\docker-java\docker-java-core\3.2.13\docker-java-core-3.2.13.jar;C:\Windows\system32\config\systemprofile\.m2\repository\com\github\docker-java\docker-java-api\3.2.13\docker-java-api-3.2.13.jar;C:\Windows\system32\config\systemprofile\.m2\repository\org\apache\commons\commons-compress\1.21\commons-compress-1.21.jar;C:\Windows\system32\config\systemprofile\.m2\repository\org\bouncycastle\bcpkix-jdk15on\1.64\bcpkix-jdk15on-1.64.jar;C:\Windows\system32\config\systemprofile\.m2\repository\org\bouncycastle\bcprov-jdk15on\1.64\bcprov-jdk15on-1.64.jar;C:\Windows\system32\config\systemprofile\.m2\repository\org\slf4j\jcl-over-slf4j\1.7.30\jcl-over-slf4j-1.7.30.jar;C:\Windows\system32\config\systemprofile\.m2\repository\com\github\docker-java\docker-java-transport-httpclient5\3.2.13\docker-java-transport-httpclient5-3.2.13.jar;C:\Windows\system32\config\systemprofile\.m2\repository\com\github\docker-java\docker-java-transport\3.2.13\docker-java-transport-3.2.13.jar;C:\Windows\system32\config\systemprofile\.m2\repository\net\java\dev\jna\jna\5.8.0\jna-5.8.0.jar;C:\Windows\system32\config\systemprofile\.m2\repository\org\brotli\dec\0.1.2\dec-0.1.2.jar;C:\Windows\system32\config\systemprofile\.m2\repository\org\apache\httpcomponents\client5\httpclient5\5.1.3\httpclient5-5.1.3.jar;C:\Windows\system32\config\systemprofile\.m2\repository\org\apache\httpcomponents\core5\httpcore5\5.1.3\httpcore5-5.1.3.jar;C:\Windows\system32\config\systemprofile\.m2\repository\org\apache\httpcomponents\core5\httpcore5-h2\5.1.3\httpcore5-h2-5.1.3.jar;C:\Windows\system32\config\systemprofile\.m2\repository\commons-codec\commons-codec\1.15\commons-codec-1.15.jar;C:\Program Files\Java\jdk-11.0.17\lib\tools-1.5.0.jar;C:\Windows\system32\config\systemprofile\.m2\repository\commons-io\commons-io\2.11.0\commons-io-2.11.0.jar;C:\Windows\system32\config\systemprofile\.m2\repository\org\apache\logging\log4j\log4j-core\2.19.0\log4j-core-2.19.0.jar;C:\Windows\system32\config\systemprofile\.m2\repository\org\apache\logging\log4j\log4j-api\2.19.0\log4j-api-2.19.0.jar;"/>
    <property name="java.vm.vendor" value="Oracle Corporation"/>
    <property name="sun.arch.data.model" value="64"/>
    <property name="user.variant" value=""/>
    <property name="java.vendor.url" value="https://openjdk.java.net/"/>
    <property name="user.timezone" value="Asia/Calcutta"/>
    <property name="java.vm.specification.version" value="11"/>
    <property name="os.name" value="Windows 11"/>
    <property name="sun.java.launcher" value="SUN_STANDARD"/>
    <property name="user.country" value="IN"/>
    <property name="sun.boot.library.path" value="C:\Program Files\Java\jdk-11.0.17\bin"/>
    <property name="sun.java.command" value="C:\Windows\Temp\surefire11522165884206571826\surefirebooter-20221031150208200_3.jar C:\Windows\Temp\surefire11522165884206571826 2022-10-31T15-02-07_601-jvmRun1 surefire-20221031150208200_1tmp surefire_0-20221031150208200_2tmp"/>
    <property name="jdk.debug" value="release"/>
    <property name="surefire.test.class.path" value="C:\Users\dell\eclipse-workspace\CucumberDemo\target\test-classes;C:\Users\dell\eclipse-workspace\CucumberDemo\target\classes;C:\Windows\system32\config\systemprofile\.m2\repository\junit\junit\4.11\junit-4.11.jar;C:\Windows\system32\config\systemprofile\.m2\repository\io\cucumber\cucumber-html\0.2.7\cucumber-html-0.2.7.jar;C:\Windows\system32\config\systemprofile\.m2\repository\net\sourceforge\cobertura\cobertura\2.1.1\cobertura-2.1.1.jar;C:\Windows\system32\config\systemprofile\.m2\repository\org\ow2\asm\asm\5.0.1\asm-5.0.1.jar;C:\Windows\system32\config\systemprofile\.m2\repository\org\ow2\asm\asm-tree\5.0.1\asm-tree-5.0.1.jar;C:\Windows\system32\config\systemprofile\.m2\repository\org\ow2\asm\asm-commons\5.0.1\asm-commons-5.0.1.jar;C:\Windows\system32\config\systemprofile\.m2\repository\org\ow2\asm\asm-util\5.0.1\asm-util-5.0.1.jar;C:\Windows\system32\config\systemprofile\.m2\repository\org\ow2\asm\asm-analysis\5.0.1\asm-analysis-5.0.1.jar;C:\Windows\system32\config\systemprofile\.m2\repository\oro\oro\2.0.8\oro-2.0.8.jar;C:\Windows\system32\config\systemprofile\.m2\repository\jaxen\jaxen\1.1.4\jaxen-1.1.4.jar;C:\Windows\system32\config\systemprofile\.m2\repository\org\apache\ant\ant\1.8.3\ant-1.8.3.jar;C:\Windows\system32\config\systemprofile\.m2\repository\org\apache\ant\ant-launcher\1.8.3\ant-launcher-1.8.3.jar;C:\Windows\system32\config\systemprofile\.m2\repository\org\apache\ant\ant-junit\1.8.3\ant-junit-1.8.3.jar;C:\Windows\system32\config\systemprofile\.m2\repository\org\mortbay\jetty\servlet-api-2.5\6.1.14\servlet-api-2.5-6.1.14.jar;C:\Windows\system32\config\systemprofile\.m2\repository\org\mortbay\jetty\jetty\6.1.14\jetty-6.1.14.jar;C:\Windows\system32\config\systemprofile\.m2\repository\org\mortbay\jetty\jetty-util\6.1.14\jetty-util-6.1.14.jar;C:\Windows\system32\config\systemprofile\.m2\repository\org\slf4j\slf4j-api\1.7.5\slf4j-api-1.7.5.jar;C:\Windows\system32\config\systemprofile\.m2\repository\ch\qos\logback\logback-classic\1.0.13\logback-classic-1.0.13.jar;C:\Windows\system32\config\systemprofile\.m2\repository\ch\qos\logback\logback-core\1.0.13\logback-core-1.0.13.jar;C:\Windows\system32\config\systemprofile\.m2\repository\org\apache\commons\commons-lang3\3.3.2\commons-lang3-3.3.2.jar;C:\Windows\system32\config\systemprofile\.m2\repository\io\cucumber\cucumber-java\7.8.1\cucumber-java-7.8.1.jar;C:\Windows\system32\config\systemprofile\.m2\repository\io\cucumber\cucumber-core\7.8.1\cucumber-core-7.8.1.jar;C:\Windows\system32\config\systemprofile\.m2\repository\io\cucumber\cucumber-gherkin\7.8.1\cucumber-gherkin-7.8.1.jar;C:\Windows\system32\config\systemprofile\.m2\repository\io\cucumber\cucumber-gherkin-messages\7.8.1\cucumber-gherkin-messages-7.8.1.jar;C:\Windows\system32\config\systemprofile\.m2\repository\io\cucumber\tag-expressions\4.1.0\tag-expressions-4.1.0.jar;C:\Windows\system32\config\systemprofile\.m2\repository\io\cucumber\cucumber-expressions\16.0.0\cucumber-expressions-16.0.0.jar;C:\Windows\system32\config\systemprofile\.m2\repository\io\cucumber\datatable\7.8.1\datatable-7.8.1.jar;C:\Windows\system32\config\systemprofile\.m2\repository\io\cucumber\cucumber-plugin\7.8.1\cucumber-plugin-7.8.1.jar;C:\Windows\system32\config\systemprofile\.m2\repository\io\cucumber\docstring\7.8.1\docstring-7.8.1.jar;C:\Windows\system32\config\systemprofile\.m2\repository\io\cucumber\html-formatter\20.1.0\html-formatter-20.1.0.jar;C:\Windows\system32\config\systemprofile\.m2\repository\io\cucumber\ci-environment\9.1.0\ci-environment-9.1.0.jar;C:\Windows\system32\config\systemprofile\.m2\repository\org\apiguardian\apiguardian-api\1.1.2\apiguardian-api-1.1.2.jar;C:\Windows\system32\config\systemprofile\.m2\repository\io\cucumber\cucumber-junit\7.8.1\cucumber-junit-7.8.1.jar;C:\Windows\system32\config\systemprofile\.m2\repository\io\cucumber\cucumber-jvm-deps\1.0.6\cucumber-jvm-deps-1.0.6.jar;C:\Windows\system32\config\systemprofile\.m2\repository\net\masterthought\cucumber-reporting\5.7.3\cucumber-reporting-5.7.3.jar;C:\Windows\system32\config\systemprofile\.m2\repository\com\fasterxml\jackson\core\jackson-databind\2.13.2.2\jackson-databind-2.13.2.2.jar;C:\Windows\system32\config\systemprofile\.m2\repository\com\fasterxml\jackson\core\jackson-annotations\2.13.2\jackson-annotations-2.13.2.jar;C:\Windows\system32\config\systemprofile\.m2\repository\com\fasterxml\jackson\core\jackson-core\2.13.2\jackson-core-2.13.2.jar;C:\Windows\system32\config\systemprofile\.m2\repository\com\fasterxml\jackson\datatype\jackson-datatype-jsr310\2.13.2\jackson-datatype-jsr310-2.13.2.jar;C:\Windows\system32\config\systemprofile\.m2\repository\org\apache\velocity\velocity-engine-core\2.3\velocity-engine-core-2.3.jar;C:\Windows\system32\config\systemprofile\.m2\repository\org\apache\commons\commons-collections4\4.4\commons-collections4-4.4.jar;C:\Windows\system32\config\systemprofile\.m2\repository\joda-time\joda-time\2.10.14\joda-time-2.10.14.jar;C:\Windows\system32\config\systemprofile\.m2\repository\org\codehaus\plexus\plexus-utils\3.4.2\plexus-utils-3.4.2.jar;C:\Windows\system32\config\systemprofile\.m2\repository\org\jsoup\jsoup\1.15.3\jsoup-1.15.3.jar;C:\Windows\system32\config\systemprofile\.m2\repository\com\google\guava\guava\31.1-jre\guava-31.1-jre.jar;C:\Windows\system32\config\systemprofile\.m2\repository\com\google\guava\failureaccess\1.0.1\failureaccess-1.0.1.jar;C:\Windows\system32\config\systemprofile\.m2\repository\com\google\guava\listenablefuture\9999.0-empty-to-avoid-conflict-with-guava\listenablefuture-9999.0-empty-to-avoid-conflict-with-guava.jar;C:\Windows\system32\config\systemprofile\.m2\repository\com\google\code\findbugs\jsr305\3.0.2\jsr305-3.0.2.jar;C:\Windows\system32\config\systemprofile\.m2\repository\org\checkerframework\checker-qual\3.12.0\checker-qual-3.12.0.jar;C:\Windows\system32\config\systemprofile\.m2\repository\com\google\errorprone\error_prone_annotations\2.11.0\error_prone_annotations-2.11.0.jar;C:\Windows\system32\config\systemprofile\.m2\repository\com\google\j2objc\j2objc-annotations\1.3\j2objc-annotations-1.3.jar;C:\Windows\system32\config\systemprofile\.m2\repository\com\googlecode\owasp-java-html-sanitizer\owasp-java-html-sanitizer\20211018.2\owasp-java-html-sanitizer-20211018.2.jar;C:\Windows\system32\config\systemprofile\.m2\repository\commons-configuration\commons-configuration\1.10\commons-configuration-1.10.jar;C:\Windows\system32\config\systemprofile\.m2\repository\commons-lang\commons-lang\2.6\commons-lang-2.6.jar;C:\Windows\system32\config\systemprofile\.m2\repository\commons-logging\commons-logging\1.1.1\commons-logging-1.1.1.jar;C:\Windows\system32\config\systemprofile\.m2\repository\org\hamcrest\hamcrest-core\2.2\hamcrest-core-2.2.jar;C:\Windows\system32\config\systemprofile\.m2\repository\org\hamcrest\hamcrest\2.2\hamcrest-2.2.jar;C:\Windows\system32\config\systemprofile\.m2\repository\io\cucumber\gherkin\24.1.0\gherkin-24.1.0.jar;C:\Windows\system32\config\systemprofile\.m2\repository\io\cucumber\messages\19.1.4\messages-19.1.4.jar;C:\Windows\system32\config\systemprofile\.m2\repository\org\seleniumhq\selenium\selenium-java\4.5.3\selenium-java-4.5.3.jar;C:\Windows\system32\config\systemprofile\.m2\repository\org\seleniumhq\selenium\selenium-api\4.5.3\selenium-api-4.5.3.jar;C:\Windows\system32\config\systemprofile\.m2\repository\org\seleniumhq\selenium\selenium-chrome-driver\4.5.3\selenium-chrome-driver-4.5.3.jar;C:\Windows\system32\config\systemprofile\.m2\repository\com\google\auto\service\auto-service-annotations\1.0.1\auto-service-annotations-1.0.1.jar;C:\Windows\system32\config\systemprofile\.m2\repository\com\google\auto\service\auto-service\1.0.1\auto-service-1.0.1.jar;C:\Windows\system32\config\systemprofile\.m2\repository\com\google\auto\auto-common\1.2\auto-common-1.2.jar;C:\Windows\system32\config\systemprofile\.m2\repository\org\seleniumhq\selenium\selenium-chromium-driver\4.5.3\selenium-chromium-driver-4.5.3.jar;C:\Windows\system32\config\systemprofile\.m2\repository\org\seleniumhq\selenium\selenium-json\4.5.3\selenium-json-4.5.3.jar;C:\Windows\system32\config\systemprofile\.m2\repository\org\seleniumhq\selenium\selenium-devtools-v104\4.5.3\selenium-devtools-v104-4.5.3.jar;C:\Windows\system32\config\systemprofile\.m2\repository\org\seleniumhq\selenium\selenium-devtools-v105\4.5.3\selenium-devtools-v105-4.5.3.jar;C:\Windows\system32\config\systemprofile\.m2\repository\org\seleniumhq\selenium\selenium-devtools-v106\4.5.3\selenium-devtools-v106-4.5.3.jar;C:\Windows\system32\config\systemprofile\.m2\repository\org\seleniumhq\selenium\selenium-devtools-v85\4.5.3\selenium-devtools-v85-4.5.3.jar;C:\Windows\system32\config\systemprofile\.m2\repository\org\seleniumhq\selenium\selenium-edge-driver\4.5.3\selenium-edge-driver-4.5.3.jar;C:\Windows\system32\config\systemprofile\.m2\repository\org\seleniumhq\selenium\selenium-firefox-driver\4.5.3\selenium-firefox-driver-4.5.3.jar;C:\Windows\system32\config\systemprofile\.m2\repository\org\seleniumhq\selenium\selenium-ie-driver\4.5.3\selenium-ie-driver-4.5.3.jar;C:\Windows\system32\config\systemprofile\.m2\repository\org\seleniumhq\selenium\selenium-remote-driver\4.5.3\selenium-remote-driver-4.5.3.jar;C:\Windows\system32\config\systemprofile\.m2\repository\com\beust\jcommander\1.82\jcommander-1.82.jar;C:\Windows\system32\config\systemprofile\.m2\repository\io\netty\netty-buffer\4.1.84.Final\netty-buffer-4.1.84.Final.jar;C:\Windows\system32\config\systemprofile\.m2\repository\io\netty\netty-codec-http\4.1.84.Final\netty-codec-http-4.1.84.Final.jar;C:\Windows\system32\config\systemprofile\.m2\repository\io\netty\netty-codec\4.1.84.Final\netty-codec-4.1.84.Final.jar;C:\Windows\system32\config\systemprofile\.m2\repository\io\netty\netty-handler\4.1.84.Final\netty-handler-4.1.84.Final.jar;C:\Windows\system32\config\systemprofile\.m2\repository\io\netty\netty-common\4.1.84.Final\netty-common-4.1.84.Final.jar;C:\Windows\system32\config\systemprofile\.m2\repository\io\netty\netty-transport-classes-epoll\4.1.84.Final\netty-transport-classes-epoll-4.1.84.Final.jar;C:\Windows\system32\config\systemprofile\.m2\repository\io\netty\netty-transport-classes-kqueue\4.1.84.Final\netty-transport-classes-kqueue-4.1.84.Final.jar;C:\Windows\system32\config\systemprofile\.m2\repository\io\netty\netty-transport-native-epoll\4.1.84.Final\netty-transport-native-epoll-4.1.84.Final.jar;C:\Windows\system32\config\systemprofile\.m2\repository\io\netty\netty-transport-native-kqueue\4.1.84.Final\netty-transport-native-kqueue-4.1.84.Final.jar;C:\Windows\system32\config\systemprofile\.m2\repository\io\netty\netty-transport-native-unix-common\4.1.84.Final\netty-transport-native-unix-common-4.1.84.Final.jar;C:\Windows\system32\config\systemprofile\.m2\repository\io\netty\netty-transport\4.1.84.Final\netty-transport-4.1.84.Final.jar;C:\Windows\system32\config\systemprofile\.m2\repository\io\netty\netty-resolver\4.1.84.Final\netty-resolver-4.1.84.Final.jar;C:\Windows\system32\config\systemprofile\.m2\repository\io\opentelemetry\opentelemetry-api\1.19.0\opentelemetry-api-1.19.0.jar;C:\Windows\system32\config\systemprofile\.m2\repository\io\opentelemetry\opentelemetry-context\1.19.0\opentelemetry-context-1.19.0.jar;C:\Windows\system32\config\systemprofile\.m2\repository\io\opentelemetry\opentelemetry-exporter-logging\1.19.0\opentelemetry-exporter-logging-1.19.0.jar;C:\Windows\system32\config\systemprofile\.m2\repository\io\opentelemetry\opentelemetry-sdk-metrics\1.19.0\opentelemetry-sdk-metrics-1.19.0.jar;C:\Windows\system32\config\systemprofile\.m2\repository\io\opentelemetry\opentelemetry-sdk-logs\1.19.0-alpha\opentelemetry-sdk-logs-1.19.0-alpha.jar;C:\Windows\system32\config\systemprofile\.m2\repository\io\opentelemetry\opentelemetry-api-logs\1.19.0-alpha\opentelemetry-api-logs-1.19.0-alpha.jar;C:\Windows\system32\config\systemprofile\.m2\repository\io\opentelemetry\opentelemetry-sdk-common\1.19.0\opentelemetry-sdk-common-1.19.0.jar;C:\Windows\system32\config\systemprofile\.m2\repository\io\opentelemetry\opentelemetry-sdk-extension-autoconfigure-spi\1.19.0\opentelemetry-sdk-extension-autoconfigure-spi-1.19.0.jar;C:\Windows\system32\config\systemprofile\.m2\repository\io\opentelemetry\opentelemetry-sdk-extension-autoconfigure\1.19.0-alpha\opentelemetry-sdk-extension-autoconfigure-1.19.0-alpha.jar;C:\Windows\system32\config\systemprofile\.m2\repository\io\opentelemetry\opentelemetry-exporter-common\1.19.0\opentelemetry-exporter-common-1.19.0.jar;C:\Windows\system32\config\systemprofile\.m2\repository\io\opentelemetry\opentelemetry-sdk-trace\1.19.0\opentelemetry-sdk-trace-1.19.0.jar;C:\Windows\system32\config\systemprofile\.m2\repository\io\opentelemetry\opentelemetry-sdk\1.19.0\opentelemetry-sdk-1.19.0.jar;C:\Windows\system32\config\systemprofile\.m2\repository\io\opentelemetry\opentelemetry-semconv\1.19.0-alpha\opentelemetry-semconv-1.19.0-alpha.jar;C:\Windows\system32\config\systemprofile\.m2\repository\io\ous\jtoml\2.0.0\jtoml-2.0.0.jar;C:\Windows\system32\config\systemprofile\.m2\repository\net\bytebuddy\byte-buddy\1.12.18\byte-buddy-1.12.18.jar;C:\Windows\system32\config\systemprofile\.m2\repository\org\apache\commons\commons-exec\1.3\commons-exec-1.3.jar;C:\Windows\system32\config\systemprofile\.m2\repository\org\asynchttpclient\async-http-client\2.12.3\async-http-client-2.12.3.jar;C:\Windows\system32\config\systemprofile\.m2\repository\org\asynchttpclient\async-http-client-netty-utils\2.12.3\async-http-client-netty-utils-2.12.3.jar;C:\Windows\system32\config\systemprofile\.m2\repository\io\netty\netty-codec-socks\4.1.60.Final\netty-codec-socks-4.1.60.Final.jar;C:\Windows\system32\config\systemprofile\.m2\repository\io\netty\netty-handler-proxy\4.1.60.Final\netty-handler-proxy-4.1.60.Final.jar;C:\Windows\system32\config\systemprofile\.m2\repository\io\netty\netty-transport-native-epoll\4.1.60.Final\netty-transport-native-epoll-4.1.60.Final-linux-x86_64.jar;C:\Windows\system32\config\systemprofile\.m2\repository\io\netty\netty-transport-native-kqueue\4.1.60.Final\netty-transport-native-kqueue-4.1.60.Final-osx-x86_64.jar;C:\Windows\system32\config\systemprofile\.m2\repository\org\reactivestreams\reactive-streams\1.0.3\reactive-streams-1.0.3.jar;C:\Windows\system32\config\systemprofile\.m2\repository\com\typesafe\netty\netty-reactive-streams\2.0.4\netty-reactive-streams-2.0.4.jar;C:\Windows\system32\config\systemprofile\.m2\repository\com\sun\activation\jakarta.activation\1.2.2\jakarta.activation-1.2.2.jar;C:\Windows\system32\config\systemprofile\.m2\repository\org\seleniumhq\selenium\selenium-http\4.5.3\selenium-http-4.5.3.jar;C:\Windows\system32\config\systemprofile\.m2\repository\dev\failsafe\failsafe\3.3.0\failsafe-3.3.0.jar;C:\Windows\system32\config\systemprofile\.m2\repository\org\seleniumhq\selenium\selenium-safari-driver\4.5.3\selenium-safari-driver-4.5.3.jar;C:\Windows\system32\config\systemprofile\.m2\repository\org\seleniumhq\selenium\selenium-support\4.5.3\selenium-support-4.5.3.jar;C:\Windows\system32\config\systemprofile\.m2\repository\io\github\bonigarcia\webdrivermanager\5.3.0\webdrivermanager-5.3.0.jar;C:\Windows\system32\config\systemprofile\.m2\repository\com\google\code\gson\gson\2.9.1\gson-2.9.1.jar;C:\Windows\system32\config\systemprofile\.m2\repository\com\github\docker-java\docker-java\3.2.13\docker-java-3.2.13.jar;C:\Windows\system32\config\systemprofile\.m2\repository\com\github\docker-java\docker-java-core\3.2.13\docker-java-core-3.2.13.jar;C:\Windows\system32\config\systemprofile\.m2\repository\com\github\docker-java\docker-java-api\3.2.13\docker-java-api-3.2.13.jar;C:\Windows\system32\config\systemprofile\.m2\repository\org\apache\commons\commons-compress\1.21\commons-compress-1.21.jar;C:\Windows\system32\config\systemprofile\.m2\repository\org\bouncycastle\bcpkix-jdk15on\1.64\bcpkix-jdk15on-1.64.jar;C:\Windows\system32\config\systemprofile\.m2\repository\org\bouncycastle\bcprov-jdk15on\1.64\bcprov-jdk15on-1.64.jar;C:\Windows\system32\config\systemprofile\.m2\repository\org\slf4j\jcl-over-slf4j\1.7.30\jcl-over-slf4j-1.7.30.jar;C:\Windows\system32\config\systemprofile\.m2\repository\com\github\docker-java\docker-java-transport-httpclient5\3.2.13\docker-java-transport-httpclient5-3.2.13.jar;C:\Windows\system32\config\systemprofile\.m2\repository\com\github\docker-java\docker-java-transport\3.2.13\docker-java-transport-3.2.13.jar;C:\Windows\system32\config\systemprofile\.m2\repository\net\java\dev\jna\jna\5.8.0\jna-5.8.0.jar;C:\Windows\system32\config\systemprofile\.m2\repository\org\brotli\dec\0.1.2\dec-0.1.2.jar;C:\Windows\system32\config\systemprofile\.m2\repository\org\apache\httpcomponents\client5\httpclient5\5.1.3\httpclient5-5.1.3.jar;C:\Windows\system32\config\systemprofile\.m2\repository\org\apache\httpcomponents\core5\httpcore5\5.1.3\httpcore5-5.1.3.jar;C:\Windows\system32\config\systemprofile\.m2\repository\org\apache\httpcomponents\core5\httpcore5-h2\5.1.3\httpcore5-h2-5.1.3.jar;C:\Windows\system32\config\systemprofile\.m2\repository\commons-codec\commons-codec\1.15\commons-codec-1.15.jar;C:\Program Files\Java\jdk-11.0.17\lib\tools-1.5.0.jar;C:\Windows\system32\config\systemprofile\.m2\repository\commons-io\commons-io\2.11.0\commons-io-2.11.0.jar;C:\Windows\system32\config\systemprofile\.m2\repository\org\apache\logging\log4j\log4j-core\2.19.0\log4j-core-2.19.0.jar;C:\Windows\system32\config\systemprofile\.m2\repository\org\apache\logging\log4j\log4j-api\2.19.0\log4j-api-2.19.0.jar;"/>
    <property name="sun.cpu.endian" value="little"/>
    <property name="user.home" value="C:\Windows\system32\config\systemprofile"/>
    <property name="user.language" value="en"/>
    <property name="java.specification.vendor" value="Oracle Corporation"/>
    <property name="java.version.date" value="2022-10-18"/>
    <property name="java.home" value="C:\Program Files\Java\jdk-11.0.17"/>
    <property name="file.separator" value="\"/>
    <property name="basedir" value="C:\Users\dell\eclipse-workspace\CucumberDemo"/>
    <property name="java.vm.compressedOopsMode" value="32-bit"/>
    <property name="line.separator" value="&#10;"/>
    <property name="java.specification.name" value="Java Platform API Specification"/>
    <property name="java.vm.specification.vendor" value="Oracle Corporation"/>
    <property name="java.awt.graphicsenv" value="sun.awt.Win32GraphicsEnvironment"/>
    <property name="surefire.real.class.path" value="C:\Windows\Temp\surefire11522165884206571826\surefirebooter-20221031150208200_3.jar"/>
    <property name="user.script" value=""/>
    <property name="sun.management.compiler" value="HotSpot 64-Bit Tiered Compilers"/>
    <property name="java.runtime.version" value="11.0.17+10-LTS-269"/>
    <property name="user.name" value="DESKTOP-M9TKBH6$"/>
    <property name="path.separator" value=";"/>
    <property name="os.version" value="10.0"/>
    <property name="java.runtime.name" value="Java(TM) SE Runtime Environment"/>
    <property name="file.encoding" value="Cp1252"/>
    <property name="java.vm.name" value="Java HotSpot(TM) 64-Bit Server VM"/>
    <property name="java.vendor.version" value="18.9"/>
    <property name="localRepository" value="C:\Windows\system32\config\systemprofile\.m2\repository"/>
    <property name="java.vendor.url.bug" value="https://bugreport.java.com/bugreport/"/>
    <property name="java.io.tmpdir" value="C:\Windows\TEMP\"/>
    <property name="java.version" value="11.0.17"/>
    <property name="user.dir" value="C:\Users\dell\eclipse-workspace\CucumberDemo"/>
    <property name="os.arch" value="amd64"/>
    <property name="java.vm.specification.name" value="Java Virtual Machine Specification"/>
    <property name="java.awt.printerjob" value="sun.awt.windows.WPrinterJob"/>
    <property name="sun.os.patch.level" value=""/>
    <property name="java.library.path" value="C:\Program Files\Java\jdk-11.0.17\bin;C:\Windows\Sun\Java\bin;C:\Windows\system32;C:\Windows;C:\apache-maven-3.8.6/bin;C:\Program Files\Java\jdk-11.0.17/bin;C:\Program Files\Java\jdk-11.0.17/bin;C:\Program Files\Common Files\Oracle\Java\javapath;C:\Windows\system32;C:\Windows;C:\Windows\System32\Wbem;C:\Windows\System32\WindowsPowerShell\v1.0\;C:\Windows\System32\OpenSSH\;C:\Program Files\dotnet\;C:\maven\apache-maven-3.8.6-bin\apache-maven-3.8.6\bin;C:\Program Files\Git\cmd;C:\Program Files (x86)\Java\jre1.8.0_311\bin;C:\Program Files\Java\jre1.8.0_311\bin;C:\Program Files\Java\jdk-18.0.2.1\bin;C:\apache-maven-3.8.6\bin;C:\apache-maven-3.8.6\bin;C:\apache-maven-3.8.6\bin;C:\Program Files\Java\jdk-11.0.17\bin;C:\Windows\system32\config\systemprofile\AppData\Local\Microsoft\WindowsApps;."/>
    <property name="java.vendor" value="Oracle Corporation"/>
    <property name="java.vm.info" value="mixed mode"/>
    <property name="java.vm.version" value="11.0.17+10-LTS-269"/>
    <property name="sun.io.unicode.encoding" value="UnicodeLittle"/>
    <property name="java.class.version" value="55.0"/>
  </properties>
  <testcase name="Successful login with valid credentials #1" classname="Login" time="15.605">
    <system-out><![CDATA[
@Sanity
Scenario: Successful login with valid credentials                    # Features/LoginFeature.feature:23
Setup method is executed..
[DEBUG] Resolution chrome=106 in cache (valid until 15:43:33 31/10/2022 IST)
[DEBUG] Resolution chrome106=106.0.5249.61 in cache (valid until 14:43:33 01/11/2022 IST)
[INFO] Using chromedriver 106.0.5249.61 (resolved driver for Chrome 106)
[DEBUG] Driver chromedriver 106.0.5249.61 found in cache
[INFO] Exporting webdriver.chrome.driver as C:\Windows\system32\config\systemprofile\.cache\selenium\chromedriver\win32\106.0.5249.61\chromedriver.exe
[DEBUG] Using SLF4J as the default logging framework
[DEBUG] -Dio.netty.leakDetection.level: simple
[DEBUG] -Dio.netty.leakDetection.targetRecords: 4
[DEBUG] Loaded default ResourceLeakDetector: io.netty.util.ResourceLeakDetector@30f74e79
[DEBUG] -Dio.netty.noUnsafe: false
[DEBUG] Java version: 11
[DEBUG] sun.misc.Unsafe.theUnsafe: available
[DEBUG] sun.misc.Unsafe.copyMemory: available
[DEBUG] sun.misc.Unsafe.storeFence: available
[DEBUG] java.nio.Buffer.address: available
[DEBUG] direct buffer constructor: unavailable: Reflective setAccessible(true) disabled
[DEBUG] java.nio.Bits.unaligned: available, true
[DEBUG] jdk.internal.misc.Unsafe.allocateUninitializedArray(int): unavailable: class io.netty.util.internal.PlatformDependent0$7 cannot access class jdk.internal.misc.Unsafe (in module java.base) because module java.base does not export jdk.internal.misc to unnamed module @4e423aa2
[DEBUG] java.nio.DirectByteBuffer.<init>(long, int): unavailable
[DEBUG] sun.misc.Unsafe: available
[DEBUG] maxDirectMemory: 2113929216 bytes (maybe)
[DEBUG] -Dio.netty.tmpdir: C:\Windows\TEMP (java.io.tmpdir)
[DEBUG] -Dio.netty.bitMode: 64 (sun.arch.data.model)
[DEBUG] Platform: Windows
[DEBUG] -Dio.netty.maxDirectMemory: -1 bytes
[DEBUG] -Dio.netty.uninitializedArrayAllocationThreshold: -1
[DEBUG] java.nio.ByteBuffer.cleaner(): available
[DEBUG] -Dio.netty.noPreferDirect: false
[DEBUG] org.jctools-core.MpscChunkedArrayQueue: available
[DEBUG] -Dio.netty.threadLocalMap.stringBuilder.initialSize: 1024
[DEBUG] -Dio.netty.threadLocalMap.stringBuilder.maxSize: 4096
[DEBUG] Default protocols (JDK): [TLSv1.3, TLSv1.2] 
[DEBUG] Default cipher suites (JDK): [TLS_ECDHE_ECDSA_WITH_AES_256_GCM_SHA384, TLS_ECDHE_ECDSA_WITH_AES_128_GCM_SHA256, TLS_ECDHE_RSA_WITH_AES_128_GCM_SHA256, TLS_ECDHE_RSA_WITH_AES_256_GCM_SHA384, TLS_ECDHE_RSA_WITH_AES_128_CBC_SHA, TLS_ECDHE_RSA_WITH_AES_256_CBC_SHA, TLS_RSA_WITH_AES_128_GCM_SHA256, TLS_RSA_WITH_AES_128_CBC_SHA, TLS_RSA_WITH_AES_256_CBC_SHA, TLS_AES_128_GCM_SHA256, TLS_AES_256_GCM_SHA384]
[DEBUG] -Dio.netty.eventLoopThreads: 8
[DEBUG] -Dio.netty.noKeySetOptimization: false
[DEBUG] -Dio.netty.selectorAutoRebuildThreshold: 512
[DEBUG] -Dio.netty.allocator.numHeapArenas: 8
[DEBUG] -Dio.netty.allocator.numDirectArenas: 8
[DEBUG] -Dio.netty.allocator.pageSize: 8192
[DEBUG] -Dio.netty.allocator.maxOrder: 9
[DEBUG] -Dio.netty.allocator.chunkSize: 4194304
[DEBUG] -Dio.netty.allocator.smallCacheSize: 256
[DEBUG] -Dio.netty.allocator.normalCacheSize: 64
[DEBUG] -Dio.netty.allocator.maxCachedBufferCapacity: 32768
[DEBUG] -Dio.netty.allocator.cacheTrimInterval: 8192
[DEBUG] -Dio.netty.allocator.cacheTrimIntervalMillis: 0
[DEBUG] -Dio.netty.allocator.useCacheForAllThreads: false
[DEBUG] -Dio.netty.allocator.maxCachedByteBuffersPerChunk: 1023
[DEBUG] -Dio.netty.allocator.type: pooled
[DEBUG] -Dio.netty.threadLocalDirectBufferSize: 0
[DEBUG] -Dio.netty.maxThreadLocalCharBufferSize: 16384
[DEBUG] -Dio.netty.processId: 11408 (auto-detected)
[DEBUG] -Djava.net.preferIPv4Stack: false
[DEBUG] -Djava.net.preferIPv6Addresses: false
[DEBUG] Loopback interface: lo (Software Loopback Interface 1, 127.0.0.1)
[DEBUG] Failed to get SOMAXCONN from sysctl and file \proc\sys\net\core\somaxconn. Default: 200
[DEBUG] -Dio.netty.machineId: d4:6a:6a:ff:fe:25:4e:81 (auto-detected)
[DEBUG] -Dio.netty.buffer.checkAccessible: true
[DEBUG] -Dio.netty.buffer.checkBounds: true
[DEBUG] Loaded default ResourceLeakDetector: io.netty.util.ResourceLeakDetector@57234024
[DEBUG] Using new Channel '[id: 0x45126865, L:/127.0.0.1:62254 - R:localhost/127.0.0.1:27589]' for 'POST' to '/session'
[DEBUG] -Dio.netty.recycler.maxCapacityPerThread: 4096
[DEBUG] -Dio.netty.recycler.ratio: 8
[DEBUG] -Dio.netty.recycler.chunkSize: 32
[DEBUG] -Dio.netty.recycler.blocking: false
[DEBUG] brotli4j not in the classpath; Brotli support will be unavailable.
[DEBUG] 

Request DefaultHttpRequest(decodeResult: success, version: HTTP/1.1)
POST /session HTTP/1.1
User-Agent: selenium/4.5.3 (java windows)
Content-Length: 365
Content-Type: application/json; charset=utf-8
host: localhost:27589
accept: */*

Response DefaultHttpResponse(decodeResult: success, version: HTTP/1.1)
HTTP/1.1 200 OK
Content-Type: application/json; charset=utf-8
cache-control: no-cache
content-length: 769

[DEBUG] Adding key: http://localhost:27589 for channel [id: 0x45126865, L:/127.0.0.1:62254 - R:localhost/127.0.0.1:27589]
[DEBUG] Using new Channel '[id: 0x6a520636, L:/127.0.0.1:62262 - R:localhost/127.0.0.1:62255]' for 'GET' to '/json/version'
[DEBUG] 

Request DefaultFullHttpRequest(decodeResult: success, version: HTTP/1.1, content: EmptyByteBufBE)
GET /json/version HTTP/1.1
User-Agent: selenium/4.5.3 (java windows)
host: localhost:62255
accept: */*

Response DefaultHttpResponse(decodeResult: success, version: HTTP/1.1)
HTTP/1.1 200 OK
Content-Type: application/json; charset=UTF-8
content-length: 424

[DEBUG] Adding key: http://localhost:62255 for channel [id: 0x6a520636, L:/127.0.0.1:62262 - R:localhost/127.0.0.1:62255]
[DEBUG] -Dio.netty.initialSeedUniquifier: 0x84cc3b6c73757154
[DEBUG] Using new Channel '[id: 0xb5c881b9, L:/127.0.0.1:62263 - R:localhost/127.0.0.1:62255]' for 'GET' to '/devtools/browser/19330851-f25e-4cbb-8b95-5268dce176dd'
[DEBUG] 

Request DefaultFullHttpRequest(decodeResult: success, version: HTTP/1.1, content: EmptyByteBufBE)
GET /devtools/browser/19330851-f25e-4cbb-8b95-5268dce176dd HTTP/1.1
upgrade: websocket
connection: upgrade
sec-websocket-key: JFU7ZWgcyHm+J2qXXcmXhw==
sec-websocket-version: 13
origin: http://localhost:62255
host: localhost:62255
accept: */*
user-agent: AHC/2.1

Response DefaultHttpResponse(decodeResult: success, version: HTTP/1.1)
HTTP/1.1 101 WebSocket Protocol Handshake
Upgrade: WebSocket
Connection: Upgrade
Sec-WebSocket-Accept: A0v+Pp3xPYRcCxU6Bl6BAnFR0FY=

  Given User opens Chrome Browser                                    # StepDefinition.StepDef.user_opens_chrome_browser()
[DEBUG] Using pooled Channel '[id: 0x45126865, L:/127.0.0.1:62254 - R:localhost/127.0.0.1:27589]' for 'POST' to 'http://localhost:27589/session/43a8b6e82c6680680f1c9365c7cccbcc/url'
[DEBUG] Using open Channel [id: 0x45126865, L:/127.0.0.1:62254 - R:localhost/127.0.0.1:27589] for POST '/session/43a8b6e82c6680680f1c9365c7cccbcc/url'
[DEBUG] Entry count for : http://localhost:62255 : 1
[DEBUG] Entry count for : http://localhost:62255 : 1
[DEBUG] 

Request DefaultHttpRequest(decodeResult: success, version: HTTP/1.1)
POST /session/43a8b6e82c6680680f1c9365c7cccbcc/url HTTP/1.1
User-Agent: selenium/4.5.3 (java windows)
Content-Length: 70
Content-Type: application/json; charset=utf-8
host: localhost:27589
accept: */*

Response DefaultHttpResponse(decodeResult: success, version: HTTP/1.1)
HTTP/1.1 200 OK
Content-Type: application/json; charset=utf-8
cache-control: no-cache
content-length: 14

[DEBUG] Adding key: http://localhost:27589 for channel [id: 0x45126865, L:/127.0.0.1:62254 - R:localhost/127.0.0.1:27589]
  When User opens url "https://admin-demo.nopcommerce.com/login"     # StepDefinition.StepDef.user_opens_url(java.lang.String)
[DEBUG] Using pooled Channel '[id: 0x45126865, L:/127.0.0.1:62254 - R:localhost/127.0.0.1:27589]' for 'POST' to 'http://localhost:27589/session/43a8b6e82c6680680f1c9365c7cccbcc/element'
[DEBUG] Using open Channel [id: 0x45126865, L:/127.0.0.1:62254 - R:localhost/127.0.0.1:27589] for POST '/session/43a8b6e82c6680680f1c9365c7cccbcc/element'
[DEBUG] 

Request DefaultHttpRequest(decodeResult: success, version: HTTP/1.1)
POST /session/43a8b6e82c6680680f1c9365c7cccbcc/element HTTP/1.1
User-Agent: selenium/4.5.3 (java windows)
Content-Length: 50
Content-Type: application/json; charset=utf-8
host: localhost:27589
accept: */*

Response DefaultHttpResponse(decodeResult: success, version: HTTP/1.1)
HTTP/1.1 200 OK
Content-Type: application/json; charset=utf-8
cache-control: no-cache
content-length: 88

[DEBUG] Adding key: http://localhost:27589 for channel [id: 0x45126865, L:/127.0.0.1:62254 - R:localhost/127.0.0.1:27589]
[DEBUG] Using pooled Channel '[id: 0x45126865, L:/127.0.0.1:62254 - R:localhost/127.0.0.1:27589]' for 'POST' to 'http://localhost:27589/session/43a8b6e82c6680680f1c9365c7cccbcc/element/d83d6b08-ce9a-4501-a3cd-f7aafa8bba8c/clear'
[DEBUG] Using open Channel [id: 0x45126865, L:/127.0.0.1:62254 - R:localhost/127.0.0.1:27589] for POST '/session/43a8b6e82c6680680f1c9365c7cccbcc/element/d83d6b08-ce9a-4501-a3cd-f7aafa8bba8c/clear'
[DEBUG] 

Request DefaultHttpRequest(decodeResult: success, version: HTTP/1.1)
POST /session/43a8b6e82c6680680f1c9365c7cccbcc/element/d83d6b08-ce9a-4501-a3cd-f7aafa8bba8c/clear HTTP/1.1
User-Agent: selenium/4.5.3 (java windows)
Content-Length: 50
Content-Type: application/json; charset=utf-8
host: localhost:27589
accept: */*

Response DefaultHttpResponse(decodeResult: success, version: HTTP/1.1)
HTTP/1.1 200 OK
Content-Type: application/json; charset=utf-8
cache-control: no-cache
content-length: 14

[DEBUG] Adding key: http://localhost:27589 for channel [id: 0x45126865, L:/127.0.0.1:62254 - R:localhost/127.0.0.1:27589]
[DEBUG] Using pooled Channel '[id: 0x45126865, L:/127.0.0.1:62254 - R:localhost/127.0.0.1:27589]' for 'POST' to 'http://localhost:27589/session/43a8b6e82c6680680f1c9365c7cccbcc/element'
[DEBUG] Using open Channel [id: 0x45126865, L:/127.0.0.1:62254 - R:localhost/127.0.0.1:27589] for POST '/session/43a8b6e82c6680680f1c9365c7cccbcc/element'
[DEBUG] 

Request DefaultHttpRequest(decodeResult: success, version: HTTP/1.1)
POST /session/43a8b6e82c6680680f1c9365c7cccbcc/element HTTP/1.1
User-Agent: selenium/4.5.3 (java windows)
Content-Length: 50
Content-Type: application/json; charset=utf-8
host: localhost:27589
accept: */*

Response DefaultHttpResponse(decodeResult: success, version: HTTP/1.1)
HTTP/1.1 200 OK
Content-Type: application/json; charset=utf-8
cache-control: no-cache
content-length: 88

[DEBUG] Adding key: http://localhost:27589 for channel [id: 0x45126865, L:/127.0.0.1:62254 - R:localhost/127.0.0.1:27589]
[DEBUG] Using pooled Channel '[id: 0x45126865, L:/127.0.0.1:62254 - R:localhost/127.0.0.1:27589]' for 'POST' to 'http://localhost:27589/session/43a8b6e82c6680680f1c9365c7cccbcc/element/d83d6b08-ce9a-4501-a3cd-f7aafa8bba8c/value'
[DEBUG] Using open Channel [id: 0x45126865, L:/127.0.0.1:62254 - R:localhost/127.0.0.1:27589] for POST '/session/43a8b6e82c6680680f1c9365c7cccbcc/element/d83d6b08-ce9a-4501-a3cd-f7aafa8bba8c/value'
[DEBUG] 

Request DefaultHttpRequest(decodeResult: success, version: HTTP/1.1)
POST /session/43a8b6e82c6680680f1c9365c7cccbcc/element/d83d6b08-ce9a-4501-a3cd-f7aafa8bba8c/value HTTP/1.1
User-Agent: selenium/4.5.3 (java windows)
Content-Length: 271
Content-Type: application/json; charset=utf-8
host: localhost:27589
accept: */*

Response DefaultHttpResponse(decodeResult: success, version: HTTP/1.1)
HTTP/1.1 200 OK
Content-Type: application/json; charset=utf-8
cache-control: no-cache
content-length: 14

[DEBUG] Adding key: http://localhost:27589 for channel [id: 0x45126865, L:/127.0.0.1:62254 - R:localhost/127.0.0.1:27589]
[DEBUG] Using pooled Channel '[id: 0x45126865, L:/127.0.0.1:62254 - R:localhost/127.0.0.1:27589]' for 'POST' to 'http://localhost:27589/session/43a8b6e82c6680680f1c9365c7cccbcc/element'
[DEBUG] Using open Channel [id: 0x45126865, L:/127.0.0.1:62254 - R:localhost/127.0.0.1:27589] for POST '/session/43a8b6e82c6680680f1c9365c7cccbcc/element'
[DEBUG] 

Request DefaultHttpRequest(decodeResult: success, version: HTTP/1.1)
POST /session/43a8b6e82c6680680f1c9365c7cccbcc/element HTTP/1.1
User-Agent: selenium/4.5.3 (java windows)
Content-Length: 53
Content-Type: application/json; charset=utf-8
host: localhost:27589
accept: */*

Response DefaultHttpResponse(decodeResult: success, version: HTTP/1.1)
HTTP/1.1 200 OK
Content-Type: application/json; charset=utf-8
cache-control: no-cache
content-length: 88

[DEBUG] Adding key: http://localhost:27589 for channel [id: 0x45126865, L:/127.0.0.1:62254 - R:localhost/127.0.0.1:27589]
[DEBUG] Using pooled Channel '[id: 0x45126865, L:/127.0.0.1:62254 - R:localhost/127.0.0.1:27589]' for 'POST' to 'http://localhost:27589/session/43a8b6e82c6680680f1c9365c7cccbcc/element/7ea375e5-5841-4b9d-b92f-83f592d1bc1c/clear'
[DEBUG] Using open Channel [id: 0x45126865, L:/127.0.0.1:62254 - R:localhost/127.0.0.1:27589] for POST '/session/43a8b6e82c6680680f1c9365c7cccbcc/element/7ea375e5-5841-4b9d-b92f-83f592d1bc1c/clear'
[DEBUG] 

Request DefaultHttpRequest(decodeResult: success, version: HTTP/1.1)
POST /session/43a8b6e82c6680680f1c9365c7cccbcc/element/7ea375e5-5841-4b9d-b92f-83f592d1bc1c/clear HTTP/1.1
User-Agent: selenium/4.5.3 (java windows)
Content-Length: 50
Content-Type: application/json; charset=utf-8
host: localhost:27589
accept: */*

Response DefaultHttpResponse(decodeResult: success, version: HTTP/1.1)
HTTP/1.1 200 OK
Content-Type: application/json; charset=utf-8
cache-control: no-cache
content-length: 14

[DEBUG] Adding key: http://localhost:27589 for channel [id: 0x45126865, L:/127.0.0.1:62254 - R:localhost/127.0.0.1:27589]
[DEBUG] Using pooled Channel '[id: 0x45126865, L:/127.0.0.1:62254 - R:localhost/127.0.0.1:27589]' for 'POST' to 'http://localhost:27589/session/43a8b6e82c6680680f1c9365c7cccbcc/element'
[DEBUG] Using open Channel [id: 0x45126865, L:/127.0.0.1:62254 - R:localhost/127.0.0.1:27589] for POST '/session/43a8b6e82c6680680f1c9365c7cccbcc/element'
[DEBUG] 

Request DefaultHttpRequest(decodeResult: success, version: HTTP/1.1)
POST /session/43a8b6e82c6680680f1c9365c7cccbcc/element HTTP/1.1
User-Agent: selenium/4.5.3 (java windows)
Content-Length: 53
Content-Type: application/json; charset=utf-8
host: localhost:27589
accept: */*

Response DefaultHttpResponse(decodeResult: success, version: HTTP/1.1)
HTTP/1.1 200 OK
Content-Type: application/json; charset=utf-8
cache-control: no-cache
content-length: 88

[DEBUG] Adding key: http://localhost:27589 for channel [id: 0x45126865, L:/127.0.0.1:62254 - R:localhost/127.0.0.1:27589]
[DEBUG] Using pooled Channel '[id: 0x45126865, L:/127.0.0.1:62254 - R:localhost/127.0.0.1:27589]' for 'POST' to 'http://localhost:27589/session/43a8b6e82c6680680f1c9365c7cccbcc/element/7ea375e5-5841-4b9d-b92f-83f592d1bc1c/value'
[DEBUG] Using open Channel [id: 0x45126865, L:/127.0.0.1:62254 - R:localhost/127.0.0.1:27589] for POST '/session/43a8b6e82c6680680f1c9365c7cccbcc/element/7ea375e5-5841-4b9d-b92f-83f592d1bc1c/value'
[DEBUG] 

Request DefaultHttpRequest(decodeResult: success, version: HTTP/1.1)
POST /session/43a8b6e82c6680680f1c9365c7cccbcc/element/7ea375e5-5841-4b9d-b92f-83f592d1bc1c/value HTTP/1.1
User-Agent: selenium/4.5.3 (java windows)
Content-Length: 131
Content-Type: application/json; charset=utf-8
host: localhost:27589
accept: */*

Response DefaultHttpResponse(decodeResult: success, version: HTTP/1.1)
HTTP/1.1 200 OK
Content-Type: application/json; charset=utf-8
cache-control: no-cache
content-length: 14

[DEBUG] Adding key: http://localhost:27589 for channel [id: 0x45126865, L:/127.0.0.1:62254 - R:localhost/127.0.0.1:27589]
  And User enter Email "admin@yourstore.com" and Password as "admin" # StepDefinition.StepDef.user_enter_email_and_password_as(java.lang.String,java.lang.String)
[DEBUG] Using pooled Channel '[id: 0x45126865, L:/127.0.0.1:62254 - R:localhost/127.0.0.1:27589]' for 'POST' to 'http://localhost:27589/session/43a8b6e82c6680680f1c9365c7cccbcc/element'
[DEBUG] Using open Channel [id: 0x45126865, L:/127.0.0.1:62254 - R:localhost/127.0.0.1:27589] for POST '/session/43a8b6e82c6680680f1c9365c7cccbcc/element'
[DEBUG] 

Request DefaultHttpRequest(decodeResult: success, version: HTTP/1.1)
POST /session/43a8b6e82c6680680f1c9365c7cccbcc/element HTTP/1.1
User-Agent: selenium/4.5.3 (java windows)
Content-Length: 87
Content-Type: application/json; charset=utf-8
host: localhost:27589
accept: */*

Response DefaultHttpResponse(decodeResult: success, version: HTTP/1.1)
HTTP/1.1 200 OK
Content-Type: application/json; charset=utf-8
cache-control: no-cache
content-length: 88

[DEBUG] Adding key: http://localhost:27589 for channel [id: 0x45126865, L:/127.0.0.1:62254 - R:localhost/127.0.0.1:27589]
[DEBUG] Using pooled Channel '[id: 0x45126865, L:/127.0.0.1:62254 - R:localhost/127.0.0.1:27589]' for 'POST' to 'http://localhost:27589/session/43a8b6e82c6680680f1c9365c7cccbcc/element/269a8946-1691-46a2-a5c4-395393fc1083/click'
[DEBUG] Using open Channel [id: 0x45126865, L:/127.0.0.1:62254 - R:localhost/127.0.0.1:27589] for POST '/session/43a8b6e82c6680680f1c9365c7cccbcc/element/269a8946-1691-46a2-a5c4-395393fc1083/click'
[DEBUG] Entry count for : http://localhost:62255 : 1
[DEBUG] Entry count for : http://localhost:62255 : 1
[DEBUG] Entry count for : http://localhost:62255 : 1
[DEBUG] Entry count for : http://localhost:62255 : 1
[DEBUG] 

Request DefaultHttpRequest(decodeResult: success, version: HTTP/1.1)
POST /session/43a8b6e82c6680680f1c9365c7cccbcc/element/269a8946-1691-46a2-a5c4-395393fc1083/click HTTP/1.1
User-Agent: selenium/4.5.3 (java windows)
Content-Length: 50
Content-Type: application/json; charset=utf-8
host: localhost:27589
accept: */*

Response DefaultHttpResponse(decodeResult: success, version: HTTP/1.1)
HTTP/1.1 200 OK
Content-Type: application/json; charset=utf-8
cache-control: no-cache
content-length: 14

[DEBUG] Adding key: http://localhost:27589 for channel [id: 0x45126865, L:/127.0.0.1:62254 - R:localhost/127.0.0.1:27589]
  And Click on Login                                                 # StepDefinition.StepDef.click_on_login()
[DEBUG] Using pooled Channel '[id: 0x45126865, L:/127.0.0.1:62254 - R:localhost/127.0.0.1:27589]' for 'GET' to 'http://localhost:27589/session/43a8b6e82c6680680f1c9365c7cccbcc/title'
[DEBUG] Using open Channel [id: 0x45126865, L:/127.0.0.1:62254 - R:localhost/127.0.0.1:27589] for GET '/session/43a8b6e82c6680680f1c9365c7cccbcc/title'
[DEBUG] 

Request DefaultFullHttpRequest(decodeResult: success, version: HTTP/1.1, content: EmptyByteBufBE)
GET /session/43a8b6e82c6680680f1c9365c7cccbcc/title HTTP/1.1
User-Agent: selenium/4.5.3 (java windows)
Cache-Control: no-cache
Content-Type: application/json; charset=utf-8
host: localhost:27589
accept: */*

Response DefaultHttpResponse(decodeResult: success, version: HTTP/1.1)
HTTP/1.1 200 OK
Content-Type: application/json; charset=utf-8
cache-control: no-cache
content-length: 50

[DEBUG] Adding key: http://localhost:27589 for channel [id: 0x45126865, L:/127.0.0.1:62254 - R:localhost/127.0.0.1:27589]
  Then Page Title should be "Dashboard / nopCommerce administration" # StepDefinition.StepDef.page_title_should_be(java.lang.String)
[DEBUG] Using pooled Channel '[id: 0x45126865, L:/127.0.0.1:62254 - R:localhost/127.0.0.1:27589]' for 'POST' to 'http://localhost:27589/session/43a8b6e82c6680680f1c9365c7cccbcc/element'
[DEBUG] Using open Channel [id: 0x45126865, L:/127.0.0.1:62254 - R:localhost/127.0.0.1:27589] for POST '/session/43a8b6e82c6680680f1c9365c7cccbcc/element'
[DEBUG] 

Request DefaultHttpRequest(decodeResult: success, version: HTTP/1.1)
POST /session/43a8b6e82c6680680f1c9365c7cccbcc/element HTTP/1.1
User-Agent: selenium/4.5.3 (java windows)
Content-Length: 47
Content-Type: application/json; charset=utf-8
host: localhost:27589
accept: */*

Response DefaultHttpResponse(decodeResult: success, version: HTTP/1.1)
HTTP/1.1 200 OK
Content-Type: application/json; charset=utf-8
cache-control: no-cache
content-length: 88

[DEBUG] Adding key: http://localhost:27589 for channel [id: 0x45126865, L:/127.0.0.1:62254 - R:localhost/127.0.0.1:27589]
[DEBUG] Using pooled Channel '[id: 0x45126865, L:/127.0.0.1:62254 - R:localhost/127.0.0.1:27589]' for 'POST' to 'http://localhost:27589/session/43a8b6e82c6680680f1c9365c7cccbcc/element/cb50380a-7835-4fd7-8abc-559086c0edf2/click'
[DEBUG] Using open Channel [id: 0x45126865, L:/127.0.0.1:62254 - R:localhost/127.0.0.1:27589] for POST '/session/43a8b6e82c6680680f1c9365c7cccbcc/element/cb50380a-7835-4fd7-8abc-559086c0edf2/click'
[DEBUG] Entry count for : http://localhost:62255 : 1
[DEBUG] 

Request DefaultHttpRequest(decodeResult: success, version: HTTP/1.1)
POST /session/43a8b6e82c6680680f1c9365c7cccbcc/element/cb50380a-7835-4fd7-8abc-559086c0edf2/click HTTP/1.1
User-Agent: selenium/4.5.3 (java windows)
Content-Length: 50
Content-Type: application/json; charset=utf-8
host: localhost:27589
accept: */*

Response DefaultHttpResponse(decodeResult: success, version: HTTP/1.1)
HTTP/1.1 200 OK
Content-Type: application/json; charset=utf-8
cache-control: no-cache
content-length: 14

[DEBUG] Adding key: http://localhost:27589 for channel [id: 0x45126865, L:/127.0.0.1:62254 - R:localhost/127.0.0.1:27589]
[DEBUG] Entry count for : http://localhost:27589 : 1
[DEBUG] Entry count for : http://localhost:62255 : 1
[DEBUG] Entry count for : http://localhost:27589 : 1
[DEBUG] Entry count for : http://localhost:62255 : 1
  When user click on Log out link                                    # StepDefinition.StepDef.user_click_on_log_out_link()
[DEBUG] Using pooled Channel '[id: 0x45126865, L:/127.0.0.1:62254 - R:localhost/127.0.0.1:27589]' for 'GET' to 'http://localhost:27589/session/43a8b6e82c6680680f1c9365c7cccbcc/title'
[DEBUG] Using open Channel [id: 0x45126865, L:/127.0.0.1:62254 - R:localhost/127.0.0.1:27589] for GET '/session/43a8b6e82c6680680f1c9365c7cccbcc/title'
[DEBUG] 

Request DefaultFullHttpRequest(decodeResult: success, version: HTTP/1.1, content: EmptyByteBufBE)
GET /session/43a8b6e82c6680680f1c9365c7cccbcc/title HTTP/1.1
User-Agent: selenium/4.5.3 (java windows)
Cache-Control: no-cache
Content-Type: application/json; charset=utf-8
host: localhost:27589
accept: */*

Response DefaultHttpResponse(decodeResult: success, version: HTTP/1.1)
HTTP/1.1 200 OK
Content-Type: application/json; charset=utf-8
cache-control: no-cache
content-length: 29

[DEBUG] Adding key: http://localhost:27589 for channel [id: 0x45126865, L:/127.0.0.1:62254 - R:localhost/127.0.0.1:27589]
  Then Page Title should be "Your store. Login"                      # StepDefinition.StepDef.page_title_should_be(java.lang.String)
[DEBUG] Using pooled Channel '[id: 0x45126865, L:/127.0.0.1:62254 - R:localhost/127.0.0.1:27589]' for 'DELETE' to 'http://localhost:27589/session/43a8b6e82c6680680f1c9365c7cccbcc/window'
[DEBUG] Using open Channel [id: 0x45126865, L:/127.0.0.1:62254 - R:localhost/127.0.0.1:27589] for DELETE '/session/43a8b6e82c6680680f1c9365c7cccbcc/window'
[DEBUG] Unexpected I/O exception on channel [id: 0x6a520636, L:/127.0.0.1:62262 - R:localhost/127.0.0.1:62255]
java.io.IOException: An existing connection was forcibly closed by the remote host
	at java.base/sun.nio.ch.SocketDispatcher.read0(Native Method) ~[na:na]
	at java.base/sun.nio.ch.SocketDispatcher.read(SocketDispatcher.java:43) ~[na:na]
	at java.base/sun.nio.ch.IOUtil.readIntoNativeBuffer(IOUtil.java:276) ~[na:na]
	at java.base/sun.nio.ch.IOUtil.read(IOUtil.java:233) ~[na:na]
	at java.base/sun.nio.ch.IOUtil.read(IOUtil.java:223) ~[na:na]
	at java.base/sun.nio.ch.SocketChannelImpl.read(SocketChannelImpl.java:358) ~[na:na]
	at io.netty.buffer.PooledByteBuf.setBytes(PooledByteBuf.java:259) ~[netty-buffer-4.1.84.Final.jar:4.1.84.Final]
	at io.netty.buffer.AbstractByteBuf.writeBytes(AbstractByteBuf.java:1132) ~[netty-buffer-4.1.84.Final.jar:4.1.84.Final]
	at io.netty.channel.socket.nio.NioSocketChannel.doReadBytes(NioSocketChannel.java:357) ~[netty-transport-4.1.84.Final.jar:4.1.84.Final]
	at io.netty.channel.nio.AbstractNioByteChannel$NioByteUnsafe.read(AbstractNioByteChannel.java:151) ~[netty-transport-4.1.84.Final.jar:4.1.84.Final]
	at io.netty.channel.nio.NioEventLoop.processSelectedKey(NioEventLoop.java:788) ~[netty-transport-4.1.84.Final.jar:4.1.84.Final]
	at io.netty.channel.nio.NioEventLoop.processSelectedKeysOptimized(NioEventLoop.java:724) ~[netty-transport-4.1.84.Final.jar:4.1.84.Final]
	at io.netty.channel.nio.NioEventLoop.processSelectedKeys(NioEventLoop.java:650) ~[netty-transport-4.1.84.Final.jar:4.1.84.Final]
	at io.netty.channel.nio.NioEventLoop.run(NioEventLoop.java:562) ~[netty-transport-4.1.84.Final.jar:4.1.84.Final]
	at io.netty.util.concurrent.SingleThreadEventExecutor$4.run(SingleThreadEventExecutor.java:997) ~[netty-common-4.1.84.Final.jar:4.1.84.Final]
	at io.netty.util.internal.ThreadExecutorMap$2.run(ThreadExecutorMap.java:74) ~[netty-common-4.1.84.Final.jar:4.1.84.Final]
	at io.netty.util.concurrent.FastThreadLocalRunnable.run(FastThreadLocalRunnable.java:30) ~[netty-common-4.1.84.Final.jar:4.1.84.Final]
	at java.base/java.lang.Thread.run(Thread.java:834) ~[na:na]
[DEBUG] Unexpected I/O exception on channel [id: 0xb5c881b9, L:/127.0.0.1:62263 - R:localhost/127.0.0.1:62255]
java.io.IOException: An existing connection was forcibly closed by the remote host
	at java.base/sun.nio.ch.SocketDispatcher.read0(Native Method) ~[na:na]
	at java.base/sun.nio.ch.SocketDispatcher.read(SocketDispatcher.java:43) ~[na:na]
	at java.base/sun.nio.ch.IOUtil.readIntoNativeBuffer(IOUtil.java:276) ~[na:na]
	at java.base/sun.nio.ch.IOUtil.read(IOUtil.java:233) ~[na:na]
	at java.base/sun.nio.ch.IOUtil.read(IOUtil.java:223) ~[na:na]
	at java.base/sun.nio.ch.SocketChannelImpl.read(SocketChannelImpl.java:358) ~[na:na]
	at io.netty.buffer.PooledByteBuf.setBytes(PooledByteBuf.java:259) ~[netty-buffer-4.1.84.Final.jar:4.1.84.Final]
	at io.netty.buffer.AbstractByteBuf.writeBytes(AbstractByteBuf.java:1132) ~[netty-buffer-4.1.84.Final.jar:4.1.84.Final]
	at io.netty.channel.socket.nio.NioSocketChannel.doReadBytes(NioSocketChannel.java:357) ~[netty-transport-4.1.84.Final.jar:4.1.84.Final]
	at io.netty.channel.nio.AbstractNioByteChannel$NioByteUnsafe.read(AbstractNioByteChannel.java:151) ~[netty-transport-4.1.84.Final.jar:4.1.84.Final]
	at io.netty.channel.nio.NioEventLoop.processSelectedKey(NioEventLoop.java:788) ~[netty-transport-4.1.84.Final.jar:4.1.84.Final]
	at io.netty.channel.nio.NioEventLoop.processSelectedKeysOptimized(NioEventLoop.java:724) ~[netty-transport-4.1.84.Final.jar:4.1.84.Final]
	at io.netty.channel.nio.NioEventLoop.processSelectedKeys(NioEventLoop.java:650) ~[netty-transport-4.1.84.Final.jar:4.1.84.Final]
	at io.netty.channel.nio.NioEventLoop.run(NioEventLoop.java:562) ~[netty-transport-4.1.84.Final.jar:4.1.84.Final]
	at io.netty.util.concurrent.SingleThreadEventExecutor$4.run(SingleThreadEventExecutor.java:997) ~[netty-common-4.1.84.Final.jar:4.1.84.Final]
	at io.netty.util.internal.ThreadExecutorMap$2.run(ThreadExecutorMap.java:74) ~[netty-common-4.1.84.Final.jar:4.1.84.Final]
	at io.netty.util.concurrent.FastThreadLocalRunnable.run(FastThreadLocalRunnable.java:30) ~[netty-common-4.1.84.Final.jar:4.1.84.Final]
	at java.base/java.lang.Thread.run(Thread.java:834) ~[na:na]
[DEBUG] Closing Channel [id: 0x6a520636, L:/127.0.0.1:62262 - R:localhost/127.0.0.1:62255] 
[DEBUG] Trying to recover from dead Channel: [id: 0xb5c881b9, L:/127.0.0.1:62263 - R:localhost/127.0.0.1:62255]
[DEBUG] Channel Closed: [id: 0xb5c881b9, L:/127.0.0.1:62263 ! R:localhost/127.0.0.1:62255] with attribute NettyResponseFuture{currentRetry=0,
	isDone=1,
	isCancelled=0,
	asyncHandler=org.asynchttpclient.ws.WebSocketUpgradeHandler@4ce60795,
	nettyRequest=org.asynchttpclient.netty.request.NettyRequest@41a475db,
	future=java.util.concurrent.CompletableFuture@3b414994[Completed normally],
	uri=ws://localhost:62255/devtools/browser/19330851-f25e-4cbb-8b95-5268dce176dd,
	keepAlive=true,
	redirectCount=0,
	timeoutsHolder=null,
	inAuth=0,
	touch=1667208746448}
[DEBUG] Closing Channel [id: 0xb5c881b9, L:/127.0.0.1:62263 ! R:localhost/127.0.0.1:62255] 
[DEBUG] Channel Closed: [id: 0x6a520636, L:/127.0.0.1:62262 ! R:localhost/127.0.0.1:62255] with attribute DISCARD
[DEBUG] 

Request DefaultFullHttpRequest(decodeResult: success, version: HTTP/1.1, content: EmptyByteBufBE)
DELETE /session/43a8b6e82c6680680f1c9365c7cccbcc/window HTTP/1.1
User-Agent: selenium/4.5.3 (java windows)
Content-Type: application/json; charset=utf-8
host: localhost:27589
accept: */*

Response DefaultHttpResponse(decodeResult: success, version: HTTP/1.1)
HTTP/1.1 200 OK
Content-Type: application/json; charset=utf-8
cache-control: no-cache
content-length: 12

[DEBUG] Adding key: http://localhost:27589 for channel [id: 0x45126865, L:/127.0.0.1:62254 - R:localhost/127.0.0.1:27589]
  And close browser                                                  # StepDefinition.StepDef.close_browser()
Teardown method is executed..
[DEBUG] Using pooled Channel '[id: 0x45126865, L:/127.0.0.1:62254 - R:localhost/127.0.0.1:27589]' for 'DELETE' to 'http://localhost:27589/session/43a8b6e82c6680680f1c9365c7cccbcc'
[DEBUG] Using open Channel [id: 0x45126865, L:/127.0.0.1:62254 - R:localhost/127.0.0.1:27589] for DELETE '/session/43a8b6e82c6680680f1c9365c7cccbcc'
[DEBUG] 

Request DefaultFullHttpRequest(decodeResult: success, version: HTTP/1.1, content: EmptyByteBufBE)
DELETE /session/43a8b6e82c6680680f1c9365c7cccbcc HTTP/1.1
User-Agent: selenium/4.5.3 (java windows)
Content-Type: application/json; charset=utf-8
host: localhost:27589
accept: */*

Response DefaultHttpResponse(decodeResult: success, version: HTTP/1.1)
HTTP/1.1 200 OK
Content-Type: application/json; charset=utf-8
cache-control: no-cache
content-length: 14

[DEBUG] Adding key: http://localhost:27589 for channel [id: 0x45126865, L:/127.0.0.1:62254 - R:localhost/127.0.0.1:27589]
[DEBUG] Channel Closed: [id: 0x45126865, L:/127.0.0.1:62254 ! R:localhost/127.0.0.1:27589] with attribute DISCARD
[DEBUG] Entry count for : http://localhost:27589 : 1
[DEBUG] Entry count for : http://localhost:62255 : 1
[DEBUG] Adding Candidate expired Channel [id: 0x45126865, L:/127.0.0.1:62254 ! R:localhost/127.0.0.1:27589] isIdleTimeoutExpired=false isRemotelyClosed=true isTtlExpired=false
[DEBUG] Closing Idle Channel [id: 0x45126865, L:/127.0.0.1:62254 ! R:localhost/127.0.0.1:27589]
[DEBUG] Adding Candidate expired Channel [id: 0x6a520636, L:/127.0.0.1:62262 ! R:localhost/127.0.0.1:62255] isIdleTimeoutExpired=false isRemotelyClosed=true isTtlExpired=false
[DEBUG] Closing Idle Channel [id: 0x6a520636, L:/127.0.0.1:62262 ! R:localhost/127.0.0.1:62255]
[DEBUG] Closed 2 connections out of 2 in 1 ms
]]></system-out>
    <system-err><![CDATA[Starting ChromeDriver 106.0.5249.61 (511755355844955cd3e264779baf0dd38212a4d0-refs/branch-heads/5249@{#569}) on port 27589
Only local connections are allowed.
Please see https://chromedriver.chromium.org/security-considerations for suggestions on keeping ChromeDriver safe.
ChromeDriver was started successfully.
]]></system-err>
  </testcase>
</testsuite>