<?xml version="1.0" encoding="UTF-8"?>
<!-- Generated by org.testng.reporters.JUnitReportReporter -->
<testsuite hostname="DESKTOP-M9TKBH6" failures="0" tests="2" name="TestRunner.Run" time="42.565" errors="0" timestamp="2022-10-31T19:30:51 IST" skipped="0">
  <testcase classname="TestRunner.Run" name="runScenario" time="28.594"/>
  <system-out/>
  <testcase classname="TestRunner.Run" name="runScenario" time="13.971"/>
  <system-out/>
</testsuite> <!-- TestRunner.Run -->
