<?xml version="1.0" encoding="UTF-8"?>
<!-- Generated by org.testng.reporters.JUnitReportReporter -->
<testsuite hostname="DESKTOP-M9TKBH6" failures="0" tests="2" name="TestRunner.Run" time="55.301" errors="0" timestamp="2022-10-31T23:48:39 IST" skipped="0">
  <testcase classname="TestRunner.Run" name="runScenario" time="40.462"/>
  <system-out/>
  <testcase classname="TestRunner.Run" name="runScenario" time="14.839"/>
  <system-out/>
</testsuite> <!-- TestRunner.Run -->
